25-05-31 11:49:00.420 [main] INFO  o.s.b.a.w.s.WelcomePageHandlerMapping - Adding welcome page template: index 
25-05-31 11:49:00.944 [main] WARN  o.s.s.c.a.w.c.AuthorizeHttpRequestsConfigurer$AuthorizationManagerRequestMatcherRegistry - One of the patterns in [/ws/**, electronics/**, /login/**, /booking/**, /login/oauth2/code/google, /api/auth/**, /api/orders/**, /api/sample/**, /api/external/**, /info, /blogs/**, /posts/**, /v2/api-docs, /v3/api-docs, /v3/api-docs/**, /swagger-resources, /swagger-resources/**, /configuration/ui, /configuration/security, /swagger-ui/**, /webjars/**, /swagger-ui.html, /error] is missing a leading slash. This is discouraged; please include the leading slash in all your request matcher patterns. In future versions of Spring Security, leaving out the leading slash will result in an exception. 
25-05-31 11:49:02.465 [main] INFO  o.s.m.s.b.SimpleBrokerMessageHandler - Starting... 
25-05-31 11:49:02.467 [main] INFO  o.s.m.s.b.SimpleBrokerMessageHandler - BrokerAvailabilityEvent[available=true, SimpleBrokerMessageHandler [org.springframework.messaging.simp.broker.DefaultSubscriptionRegistry@318d491]] 
25-05-31 11:49:02.467 [main] INFO  o.s.m.s.b.SimpleBrokerMessageHandler - Started. 
25-05-31 11:49:02.478 [main] INFO  o.a.coyote.http11.Http11NioProtocol - Starting ProtocolHandler ["http-nio-8080"] 
25-05-31 11:49:02.505 [main] INFO  o.s.b.w.e.tomcat.TomcatWebServer - Tomcat started on port 8080 (http) with context path '/' 
25-05-31 11:49:02.538 [main] INFO  c.d.j.JwtSecurityApplication - Started JwtSecurityApplication in 23.869 seconds (process running for 25.928) 
25-05-31 11:49:11.493 [http-nio-8080-exec-1] INFO  o.a.c.c.C.[Tomcat].[localhost].[/] - Initializing Spring DispatcherServlet 'dispatcherServlet' 
25-05-31 11:49:11.493 [http-nio-8080-exec-1] INFO  o.s.web.servlet.DispatcherServlet - Initializing Servlet 'dispatcherServlet' 
25-05-31 11:49:11.497 [http-nio-8080-exec-1] INFO  o.s.web.servlet.DispatcherServlet - Completed initialization in 4 ms 
25-05-31 11:49:11.547 [http-nio-8080-exec-1] INFO  c.d.jwtsecurity.util.LoggingFilter - Request: POST /electronics 
25-05-31 11:49:11.750 [http-nio-8080-exec-1] INFO  c.d.jwtsecurity.util.LoggingFilter - Response: 500 
25-05-31 11:49:34.279 [http-nio-8080-exec-3] INFO  c.d.jwtsecurity.util.LoggingFilter - Request: POST /electronics 
25-05-31 11:49:34.366 [http-nio-8080-exec-3] DEBUG org.hibernate.SQL - 
    insert 
    into
        electronics
        (brand, name, price, version) 
    values
        (?, ?, ?, ?) 
25-05-31 11:49:34.427 [http-nio-8080-exec-3] INFO  o.s.s.a.AnnotationAsyncExecutionInterceptor - More than one TaskExecutor bean found within the context, and none is named 'taskExecutor'. Mark one of them as primary or name it 'taskExecutor' (possibly as an alias) in order to use it for async processing: [clientInboundChannelExecutor, clientOutboundChannelExecutor, brokerChannelExecutor, messageBrokerTaskScheduler] 
25-05-31 11:49:34.430 [SimpleAsyncTaskExecutor-1] INFO  c.d.j.e.ElectronicsCreatedEventListener - Async Listener: Received ElectronicsCreatedEvent for ID 1: hp 
25-05-31 11:49:34.466 [http-nio-8080-exec-3] INFO  c.d.j.e.ElectronicsTransactionalListener - Transactional Listener: Handling ElectronicsCreatedEvent after commit for ID 1 
25-05-31 11:49:34.495 [http-nio-8080-exec-3] INFO  c.d.j.e.ElectronicsTransactionalListener - Transactional Listener: Fetched Electronics entity: Electronics(id=1, name=hp, price=4244.2573, brand=windows, version=0) 
25-05-31 11:49:34.567 [http-nio-8080-exec-3] INFO  c.d.jwtsecurity.util.LoggingFilter - Response: 200 
25-05-31 11:49:37.432 [SimpleAsyncTaskExecutor-1] INFO  c.d.j.e.ElectronicsCreatedEventListener - Async Listener: Done processing event. 
