25-06-12 18:02:04.948 [MessageBroker-1] INFO  o.s.w.s.c.WebSocketMessageBrokerStats - WebSocketSession[0 current WS(0)-HttpStream(0)-HttpPoll(0), 0 total, 0 closed abnormally (0 connect failure, 0 send limit, 0 transport error)], stompSubProtocol[processed CONNECT(0)-CONNECTED(0)-DISCONNECT(0)], stompBrokerRelay[null], inboundChannel[pool size = 0, active threads = 0, queued tasks = 0, completed tasks = 0], outboundChannel[pool size = 0, active threads = 0, queued tasks = 0, completed tasks = 0], sockJsScheduler[pool size = 2, active threads = 1, queued tasks = 1, completed tasks = 0] 
25-06-12 18:02:09.596 [SpringApplicationShutdownHook] INFO  o.s.b.w.e.tomcat.GracefulShutdown - Commencing graceful shutdown. Waiting for active requests to complete 
25-06-12 18:02:09.603 [tomcat-shutdown] INFO  o.s.b.w.e.tomcat.GracefulShutdown - Graceful shutdown complete 
25-06-12 18:02:09.606 [SpringApplicationShutdownHook] INFO  o.s.m.s.b.SimpleBrokerMessageHandler - Stopping... 
25-06-12 18:02:09.606 [SpringApplicationShutdownHook] INFO  o.s.m.s.b.SimpleBrokerMessageHandler - BrokerAvailabilityEvent[available=false, SimpleBrokerMessageHandler [org.springframework.messaging.simp.broker.DefaultSubscriptionRegistry@3e28dace]] 
25-06-12 18:02:09.606 [SpringApplicationShutdownHook] INFO  o.s.m.s.b.SimpleBrokerMessageHandler - Stopped. 
25-06-12 18:02:09.659 [SpringApplicationShutdownHook] INFO  o.s.o.j.LocalContainerEntityManagerFactoryBean - Closing JPA EntityManagerFactory for persistence unit 'default' 
25-06-12 18:02:12.988 [main] INFO  c.d.j.JwtSecurityApplication - Starting JwtSecurityApplication...⚡⚡⚡⚡⚡⚡⚡⚡⚡ 
25-06-12 18:02:13.489 [background-preinit] INFO  o.h.validator.internal.util.Version - HV000001: Hibernate Validator 8.0.2.Final 
25-06-12 18:02:13.543 [main] INFO  c.d.j.JwtSecurityApplication - Starting JwtSecurityApplication using Java 22.0.1 with PID 19172 (C:\Users\CAPTAIN ENJOY\Downloads\jwt-security\target\classes started by xyborg in C:\Users\CAPTAIN ENJOY\Downloads\jwt-security) 
25-06-12 18:02:13.544 [main] INFO  c.d.j.JwtSecurityApplication - No active profile set, falling back to 1 default profile: "default" 
25-06-12 18:02:15.482 [main] INFO  o.s.d.r.c.RepositoryConfigurationDelegate - Multiple Spring Data modules found, entering strict repository configuration mode 
25-06-12 18:02:15.484 [main] INFO  o.s.d.r.c.RepositoryConfigurationDelegate - Bootstrapping Spring Data JPA repositories in DEFAULT mode. 
25-06-12 18:02:15.790 [main] INFO  o.s.d.r.c.RepositoryConfigurationDelegate - Finished Spring Data repository scanning in 274 ms. Found 14 JPA repository interfaces. 
25-06-12 18:02:15.811 [main] INFO  o.s.b.f.s.DefaultListableBeanFactory - Overriding bean definition for bean 'blogService' with a different definition: replacing [Generic bean: class=com.drsimple.jwtsecurity.blog.BlogService; scope=singleton; abstract=false; lazyInit=null; autowireMode=0; dependencyCheck=0; autowireCandidate=true; primary=false; fallback=false; factoryBeanName=null; factoryMethodName=null; initMethodNames=null; destroyMethodNames=null; defined in file [C:\Users\CAPTAIN ENJOY\Downloads\jwt-security\target\classes\com\drsimple\jwtsecurity\blog\BlogService.class]] with [Generic bean: class=com.drsimple.jwtsecurity.blog.BlogService; scope=; abstract=false; lazyInit=false; autowireMode=0; dependencyCheck=0; autowireCandidate=true; primary=false; fallback=false; factoryBeanName=null; factoryMethodName=null; initMethodNames=null; destroyMethodNames=null; defined in class path resource [applicationContext.xml]] 
25-06-12 18:02:15.816 [main] INFO  o.s.b.f.s.DefaultListableBeanFactory - Overriding bean definition for bean 'auditorAware' with a different definition: replacing [Root bean: class=null; scope=; abstract=false; lazyInit=null; autowireMode=3; dependencyCheck=0; autowireCandidate=true; primary=false; fallback=false; factoryBeanName=securityConfig; factoryMethodName=auditorAware; initMethodNames=null; destroyMethodNames=[(inferred)]; defined in class path resource [com/drsimple/jwtsecurity/config/SecurityConfig.class]] with [Root bean: class=null; scope=; abstract=false; lazyInit=null; autowireMode=3; dependencyCheck=0; autowireCandidate=true; primary=false; fallback=false; factoryBeanName=jpaConfig; factoryMethodName=auditorAware; initMethodNames=null; destroyMethodNames=[(inferred)]; defined in class path resource [com/drsimple/jwtsecurity/employee/JpaConfig.class]] 
25-06-12 18:02:15.822 [main] INFO  o.s.b.f.s.DefaultListableBeanFactory - Overriding bean definition for bean 'restTemplate' with a different definition: replacing [Root bean: class=null; scope=; abstract=false; lazyInit=null; autowireMode=3; dependencyCheck=0; autowireCandidate=true; primary=false; fallback=false; factoryBeanName=securityConfig; factoryMethodName=restTemplate; initMethodNames=null; destroyMethodNames=[(inferred)]; defined in class path resource [com/drsimple/jwtsecurity/config/SecurityConfig.class]] with [Root bean: class=null; scope=; abstract=false; lazyInit=null; autowireMode=3; dependencyCheck=0; autowireCandidate=true; primary=false; fallback=false; factoryBeanName=restTemplateConfig; factoryMethodName=restTemplate; initMethodNames=null; destroyMethodNames=[(inferred)]; defined in class path resource [com/drsimple/jwtsecurity/util/RestTemplateConfig.class]] 
25-06-12 18:02:15.825 [main] INFO  o.s.b.f.s.DefaultListableBeanFactory - Overriding bean definition for bean 'jpaAuditingHandler' with an equivalent definition: replacing [Root bean: class=org.springframework.data.auditing.AuditingHandler; scope=; abstract=false; lazyInit=null; autowireMode=0; dependencyCheck=0; autowireCandidate=true; primary=false; fallback=false; factoryBeanName=null; factoryMethodName=from; initMethodNames=null; destroyMethodNames=null] with [Root bean: class=org.springframework.data.auditing.AuditingHandler; scope=; abstract=false; lazyInit=null; autowireMode=0; dependencyCheck=0; autowireCandidate=true; primary=false; fallback=false; factoryBeanName=null; factoryMethodName=from; initMethodNames=null; destroyMethodNames=null] 
25-06-12 18:02:15.825 [main] INFO  o.s.b.f.s.DefaultListableBeanFactory - Overriding bean definition for bean 'org.springframework.data.jpa.domain.support.AuditingEntityListener' with an equivalent definition: replacing [Root bean: class=org.springframework.data.jpa.domain.support.AuditingEntityListener; scope=; abstract=false; lazyInit=null; autowireMode=0; dependencyCheck=0; autowireCandidate=true; primary=false; fallback=false; factoryBeanName=null; factoryMethodName=null; initMethodNames=null; destroyMethodNames=null] with [Root bean: class=org.springframework.data.jpa.domain.support.AuditingEntityListener; scope=; abstract=false; lazyInit=null; autowireMode=0; dependencyCheck=0; autowireCandidate=true; primary=false; fallback=false; factoryBeanName=null; factoryMethodName=null; initMethodNames=null; destroyMethodNames=null] 
25-06-12 18:02:15.825 [main] INFO  o.s.b.f.s.DefaultListableBeanFactory - Overriding bean definition for bean 'org.springframework.data.jpa.domain.support.AuditingBeanFactoryPostProcessor' with an equivalent definition: replacing [Root bean: class=org.springframework.data.jpa.domain.support.AuditingBeanFactoryPostProcessor; scope=; abstract=false; lazyInit=null; autowireMode=0; dependencyCheck=0; autowireCandidate=true; primary=false; fallback=false; factoryBeanName=null; factoryMethodName=null; initMethodNames=null; destroyMethodNames=null] with [Root bean: class=org.springframework.data.jpa.domain.support.AuditingBeanFactoryPostProcessor; scope=; abstract=false; lazyInit=null; autowireMode=0; dependencyCheck=0; autowireCandidate=true; primary=false; fallback=false; factoryBeanName=null; factoryMethodName=null; initMethodNames=null; destroyMethodNames=null] 
25-06-12 18:02:16.497 [main] INFO  o.s.b.f.s.DefaultListableBeanFactory - Overriding bean definition for bean 'org.springframework.transaction.config.internalTransactionAdvisor' with a different definition: replacing [Root bean: class=org.springframework.transaction.interceptor.BeanFactoryTransactionAttributeSourceAdvisor; scope=; abstract=false; lazyInit=null; autowireMode=0; dependencyCheck=0; autowireCandidate=true; primary=false; fallback=false; factoryBeanName=null; factoryMethodName=null; initMethodNames=null; destroyMethodNames=null] with [Root bean: class=null; scope=; abstract=false; lazyInit=null; autowireMode=3; dependencyCheck=0; autowireCandidate=true; primary=false; fallback=false; factoryBeanName=org.springframework.transaction.annotation.ProxyTransactionManagementConfiguration; factoryMethodName=transactionAdvisor; initMethodNames=null; destroyMethodNames=[(inferred)]; defined in class path resource [org/springframework/transaction/annotation/ProxyTransactionManagementConfiguration.class]] 
25-06-12 18:02:16.581 [main] INFO  o.s.d.r.c.RepositoryConfigurationDelegate - Multiple Spring Data modules found, entering strict repository configuration mode 
25-06-12 18:02:16.584 [main] INFO  o.s.d.r.c.RepositoryConfigurationDelegate - Bootstrapping Spring Data Redis repositories in DEFAULT mode. 
25-06-12 18:02:16.610 [main] INFO  o.s.d.r.c.RepositoryConfigurationExtensionSupport - Spring Data Redis - Could not safely identify store assignment for repository candidate interface com.drsimple.jwtsecurity.blog.BlogRepository; If you want this repository to be a Redis repository, consider annotating your entities with one of these annotations: org.springframework.data.redis.core.RedisHash (preferred), or consider extending one of the following types with your repository: org.springframework.data.keyvalue.repository.KeyValueRepository 
25-06-12 18:02:16.611 [main] INFO  o.s.d.r.c.RepositoryConfigurationExtensionSupport - Spring Data Redis - Could not safely identify store assignment for repository candidate interface com.drsimple.jwtsecurity.core.AuditLogRepository; If you want this repository to be a Redis repository, consider annotating your entities with one of these annotations: org.springframework.data.redis.core.RedisHash (preferred), or consider extending one of the following types with your repository: org.springframework.data.keyvalue.repository.KeyValueRepository 
25-06-12 18:02:16.611 [main] INFO  o.s.d.r.c.RepositoryConfigurationExtensionSupport - Spring Data Redis - Could not safely identify store assignment for repository candidate interface com.drsimple.jwtsecurity.electronics.ElectronicsRepository; If you want this repository to be a Redis repository, consider annotating your entities with one of these annotations: org.springframework.data.redis.core.RedisHash (preferred), or consider extending one of the following types with your repository: org.springframework.data.keyvalue.repository.KeyValueRepository 
25-06-12 18:02:16.613 [main] INFO  o.s.d.r.c.RepositoryConfigurationExtensionSupport - Spring Data Redis - Could not safely identify store assignment for repository candidate interface com.drsimple.jwtsecurity.employee.EmployeeRepository; If you want this repository to be a Redis repository, consider annotating your entities with one of these annotations: org.springframework.data.redis.core.RedisHash (preferred), or consider extending one of the following types with your repository: org.springframework.data.keyvalue.repository.KeyValueRepository 
25-06-12 18:02:16.613 [main] INFO  o.s.d.r.c.RepositoryConfigurationExtensionSupport - Spring Data Redis - Could not safely identify store assignment for repository candidate interface com.drsimple.jwtsecurity.excelreader.TerminalRepository; If you want this repository to be a Redis repository, consider annotating your entities with one of these annotations: org.springframework.data.redis.core.RedisHash (preferred), or consider extending one of the following types with your repository: org.springframework.data.keyvalue.repository.KeyValueRepository 
25-06-12 18:02:16.613 [main] INFO  o.s.d.r.c.RepositoryConfigurationExtensionSupport - Spring Data Redis - Could not safely identify store assignment for repository candidate interface com.drsimple.jwtsecurity.featuredflag.CourseRepository; If you want this repository to be a Redis repository, consider annotating your entities with one of these annotations: org.springframework.data.redis.core.RedisHash (preferred), or consider extending one of the following types with your repository: org.springframework.data.keyvalue.repository.KeyValueRepository 
25-06-12 18:02:16.616 [main] INFO  o.s.d.r.c.RepositoryConfigurationExtensionSupport - Spring Data Redis - Could not safely identify store assignment for repository candidate interface com.drsimple.jwtsecurity.order.OrderRepository; If you want this repository to be a Redis repository, consider annotating your entities with one of these annotations: org.springframework.data.redis.core.RedisHash (preferred), or consider extending one of the following types with your repository: org.springframework.data.keyvalue.repository.KeyValueRepository 
25-06-12 18:02:16.616 [main] INFO  o.s.d.r.c.RepositoryConfigurationExtensionSupport - Spring Data Redis - Could not safely identify store assignment for repository candidate interface com.drsimple.jwtsecurity.player.PlayerRepository; If you want this repository to be a Redis repository, consider annotating your entities with one of these annotations: org.springframework.data.redis.core.RedisHash (preferred), or consider extending one of the following types with your repository: org.springframework.data.keyvalue.repository.KeyValueRepository 
25-06-12 18:02:16.616 [main] INFO  o.s.d.r.c.RepositoryConfigurationExtensionSupport - Spring Data Redis - Could not safely identify store assignment for repository candidate interface com.drsimple.jwtsecurity.post.PostsRepository; If you want this repository to be a Redis repository, consider annotating your entities with one of these annotations: org.springframework.data.redis.core.RedisHash (preferred), or consider extending one of the following types with your repository: org.springframework.data.keyvalue.repository.KeyValueRepository 
25-06-12 18:02:16.617 [main] INFO  o.s.d.r.c.RepositoryConfigurationExtensionSupport - Spring Data Redis - Could not safely identify store assignment for repository candidate interface com.drsimple.jwtsecurity.product.ProductRepository; If you want this repository to be a Redis repository, consider annotating your entities with one of these annotations: org.springframework.data.redis.core.RedisHash (preferred), or consider extending one of the following types with your repository: org.springframework.data.keyvalue.repository.KeyValueRepository 
25-06-12 18:02:16.617 [main] INFO  o.s.d.r.c.RepositoryConfigurationExtensionSupport - Spring Data Redis - Could not safely identify store assignment for repository candidate interface com.drsimple.jwtsecurity.ticketbooking.SeatRepository; If you want this repository to be a Redis repository, consider annotating your entities with one of these annotations: org.springframework.data.redis.core.RedisHash (preferred), or consider extending one of the following types with your repository: org.springframework.data.keyvalue.repository.KeyValueRepository 
25-06-12 18:02:16.617 [main] INFO  o.s.d.r.c.RepositoryConfigurationExtensionSupport - Spring Data Redis - Could not safely identify store assignment for repository candidate interface com.drsimple.jwtsecurity.user.AddressRepository; If you want this repository to be a Redis repository, consider annotating your entities with one of these annotations: org.springframework.data.redis.core.RedisHash (preferred), or consider extending one of the following types with your repository: org.springframework.data.keyvalue.repository.KeyValueRepository 
25-06-12 18:02:16.617 [main] INFO  o.s.d.r.c.RepositoryConfigurationExtensionSupport - Spring Data Redis - Could not safely identify store assignment for repository candidate interface com.drsimple.jwtsecurity.user.UserRepository; If you want this repository to be a Redis repository, consider annotating your entities with one of these annotations: org.springframework.data.redis.core.RedisHash (preferred), or consider extending one of the following types with your repository: org.springframework.data.keyvalue.repository.KeyValueRepository 
25-06-12 18:02:16.617 [main] INFO  o.s.d.r.c.RepositoryConfigurationExtensionSupport - Spring Data Redis - Could not safely identify store assignment for repository candidate interface com.drsimple.jwtsecurity.wallet.WalletRepository; If you want this repository to be a Redis repository, consider annotating your entities with one of these annotations: org.springframework.data.redis.core.RedisHash (preferred), or consider extending one of the following types with your repository: org.springframework.data.keyvalue.repository.KeyValueRepository 
25-06-12 18:02:16.618 [main] INFO  o.s.d.r.c.RepositoryConfigurationDelegate - Finished Spring Data repository scanning in 22 ms. Found 0 Redis repository interfaces. 
25-06-12 18:02:17.953 [main] INFO  o.s.b.w.e.tomcat.TomcatWebServer - Tomcat initialized with port 8080 (http) 
25-06-12 18:02:17.968 [main] INFO  o.a.coyote.http11.Http11NioProtocol - Initializing ProtocolHandler ["http-nio-8080"] 
25-06-12 18:02:17.970 [main] INFO  o.a.catalina.core.StandardService - Starting service [Tomcat] 
25-06-12 18:02:17.970 [main] INFO  o.a.catalina.core.StandardEngine - Starting Servlet engine: [Apache Tomcat/10.1.40] 
25-06-12 18:02:18.061 [main] INFO  o.a.c.c.C.[Tomcat].[localhost].[/] - Initializing Spring embedded WebApplicationContext 
25-06-12 18:02:18.062 [main] INFO  o.s.b.w.s.c.ServletWebServerApplicationContext - Root WebApplicationContext: initialization completed in 4463 ms 
25-06-12 18:02:19.649 [main] INFO  o.h.jpa.internal.util.LogHelper - HHH000204: Processing PersistenceUnitInfo [name: default] 
25-06-12 18:02:19.784 [main] INFO  org.hibernate.Version - HHH000412: Hibernate ORM core version 6.6.13.Final 
25-06-12 18:02:19.835 [main] INFO  o.h.c.i.RegionFactoryInitiator - HHH000026: Second-level cache disabled 
25-06-12 18:02:20.564 [main] INFO  o.s.o.j.p.SpringPersistenceUnitInfo - No LoadTimeWeaver setup: ignoring JPA class transformer 
25-06-12 18:02:20.673 [main] WARN  org.hibernate.orm.deprecation - HHH90000025: PostgreSQLDialect does not need to be specified explicitly using 'hibernate.dialect' (remove the property setting and it will be selected by default) 
25-06-12 18:02:20.695 [main] INFO  o.hibernate.orm.connections.pooling - HHH10001005: Database info:
	Database JDBC URL [Connecting through datasource 'org.apache.commons.dbcp2.BasicDataSource@3093161a']
	Database driver: undefined/unknown
	Database version: 16.3
	Autocommit mode: undefined/unknown
	Isolation level: undefined/unknown
	Minimum pool size: undefined/unknown
	Maximum pool size: undefined/unknown 
25-06-12 18:02:22.343 [main] INFO  o.h.e.t.j.p.i.JtaPlatformInitiator - HHH000489: No JTA platform available (set 'hibernate.transaction.jta.platform' to enable JTA platform integration) 
25-06-12 18:02:22.636 [main] INFO  o.s.o.j.LocalContainerEntityManagerFactoryBean - Initialized JPA EntityManagerFactory for persistence unit 'default' 
25-06-12 18:02:23.360 [main] INFO  o.s.s.c.a.a.c.InitializeAuthenticationProviderBeanManagerConfigurer$InitializeAuthenticationProviderManagerConfigurer - Global AuthenticationManager configured with AuthenticationProvider bean with name authenticationProvider 
25-06-12 18:02:23.361 [main] WARN  o.s.s.c.a.a.c.InitializeUserDetailsBeanManagerConfigurer$InitializeUserDetailsManagerConfigurer - Global AuthenticationManager configured with an AuthenticationProvider bean. UserDetailsService beans will not be used by Spring Security for automatically configuring username/password login. Consider removing the AuthenticationProvider bean. Alternatively, consider using the UserDetailsService in a manually instantiated DaoAuthenticationProvider. If the current configuration is intentional, to turn off this warning, increase the logging level of 'org.springframework.security.config.annotation.authentication.configuration.InitializeUserDetailsBeanManagerConfigurer' to ERROR 
25-06-12 18:02:24.465 [main] DEBUG org.hibernate.SQL - 
    select
        count(*) 
    from
        blog b1_0 
25-06-12 18:02:25.511 [main] INFO  o.s.d.j.r.query.QueryEnhancerFactory - Hibernate is in classpath; If applicable, HQL parser will be used. 
25-06-12 18:02:25.783 [main] DEBUG org.hibernate.SQL - 
    select
        count(*) 
    from
        Seat s1_0 
    where
        s1_0.id=? 
25-06-12 18:02:25.788 [main] DEBUG org.hibernate.SQL - 
    select
        count(*) 
    from
        Seat s1_0 
    where
        s1_0.id=? 
25-06-12 18:02:25.791 [main] DEBUG org.hibernate.SQL - 
    select
        count(*) 
    from
        Seat s1_0 
    where
        s1_0.id=? 
25-06-12 18:02:26.434 [main] WARN  o.s.b.a.o.j.JpaBaseConfiguration$JpaWebConfiguration - spring.jpa.open-in-view is enabled by default. Therefore, database queries may be performed during view rendering. Explicitly configure spring.jpa.open-in-view to disable this warning 
25-06-12 18:02:26.905 [main] INFO  o.s.b.a.w.s.WelcomePageHandlerMapping - Adding welcome page template: index 
25-06-12 18:02:27.917 [main] INFO  o.s.b.a.e.web.EndpointLinksResolver - Exposing 5 endpoints beneath base path '/actuator' 
25-06-12 18:02:28.010 [main] WARN  o.s.s.c.a.w.c.AuthorizeHttpRequestsConfigurer$AuthorizationManagerRequestMatcherRegistry - One of the patterns in [/togglz-console, /togglz-console/**, /api/terminals/**, /api/courses/**, /ws/**, /api/posts, electronics/**, /activity/**, /actuator/**, /login/**, /booking/**, /login/oauth2/code/google, /api/auth/**, /api/orders/**, /api/sample/**, /api/external/**, /info, /blogs/**, /posts/**, /v2/api-docs, /v3/api-docs, /v3/api-docs/**, /swagger-resources, /swagger-resources/**, /configuration/ui, /configuration/security, /swagger-ui/**, /webjars/**, /swagger-ui.html, /error] is missing a leading slash. This is discouraged; please include the leading slash in all your request matcher patterns. In future versions of Spring Security, leaving out the leading slash will result in an exception. 
25-06-12 18:02:30.435 [main] INFO  o.s.m.s.b.SimpleBrokerMessageHandler - Starting... 
25-06-12 18:02:30.436 [main] INFO  o.s.m.s.b.SimpleBrokerMessageHandler - BrokerAvailabilityEvent[available=true, SimpleBrokerMessageHandler [org.springframework.messaging.simp.broker.DefaultSubscriptionRegistry@647aa680]] 
25-06-12 18:02:30.437 [main] INFO  o.s.m.s.b.SimpleBrokerMessageHandler - Started. 
25-06-12 18:02:30.442 [main] INFO  o.a.coyote.http11.Http11NioProtocol - Starting ProtocolHandler ["http-nio-8080"] 
25-06-12 18:02:30.454 [main] INFO  o.s.b.w.e.tomcat.TomcatWebServer - Tomcat started on port 8080 (http) with context path '/' 
25-06-12 18:02:30.477 [main] INFO  c.d.j.JwtSecurityApplication - Started JwtSecurityApplication in 17.362 seconds (process running for 18.677) 
25-06-12 18:02:30.486 [main] INFO  o.s.b.a.b.JobLauncherApplicationRunner - Running default command line with: [] 
25-06-12 18:02:30.705 [http-nio-8080-exec-1] INFO  c.d.jwtsecurity.util.LoggingFilter - Request: GET /togglz-console/index 
25-06-12 18:02:30.753 [http-nio-8080-exec-1] INFO  c.d.jwtsecurity.util.LoggingFilter - Response: 200 
25-06-12 18:02:30.800 [http-nio-8080-exec-2] INFO  c.d.jwtsecurity.util.LoggingFilter - Request: GET /togglz-console/bootstrap.css 
25-06-12 18:02:30.800 [http-nio-8080-exec-4] INFO  c.d.jwtsecurity.util.LoggingFilter - Request: GET /togglz-console/jquery.js 
25-06-12 18:02:30.801 [http-nio-8080-exec-5] INFO  c.d.jwtsecurity.util.LoggingFilter - Request: GET /togglz-console/style.css 
25-06-12 18:02:30.803 [http-nio-8080-exec-5] INFO  c.d.jwtsecurity.util.LoggingFilter - Response: 200 
25-06-12 18:02:30.803 [http-nio-8080-exec-3] INFO  c.d.jwtsecurity.util.LoggingFilter - Request: GET /togglz-console/bootstrap.js 
25-06-12 18:02:30.807 [http-nio-8080-exec-4] INFO  c.d.jwtsecurity.util.LoggingFilter - Response: 200 
25-06-12 18:02:30.808 [http-nio-8080-exec-2] INFO  c.d.jwtsecurity.util.LoggingFilter - Response: 200 
25-06-12 18:02:30.808 [http-nio-8080-exec-3] INFO  c.d.jwtsecurity.util.LoggingFilter - Response: 200 
25-06-12 18:02:30.927 [http-nio-8080-exec-6] INFO  c.d.jwtsecurity.util.LoggingFilter - Request: GET /togglz-console/glyphicons_halflings_regular.woff2 
25-06-12 18:02:30.930 [http-nio-8080-exec-6] INFO  c.d.jwtsecurity.util.LoggingFilter - Response: 200 
25-06-12 18:02:30.942 [http-nio-8080-exec-7] INFO  o.a.c.c.C.[Tomcat].[localhost].[/] - Initializing Spring DispatcherServlet 'dispatcherServlet' 
25-06-12 18:02:30.942 [http-nio-8080-exec-7] INFO  o.s.web.servlet.DispatcherServlet - Initializing Servlet 'dispatcherServlet' 
25-06-12 18:02:30.949 [http-nio-8080-exec-7] INFO  o.s.web.servlet.DispatcherServlet - Completed initialization in 6 ms 
25-06-12 18:02:34.773 [http-nio-8080-exec-5] INFO  c.d.jwtsecurity.util.LoggingFilter - Request: POST /togglz-console/edit 
25-06-12 18:02:34.785 [http-nio-8080-exec-5] INFO  c.d.jwtsecurity.util.LoggingFilter - Response: 302 
25-06-12 18:02:34.802 [http-nio-8080-exec-4] INFO  c.d.jwtsecurity.util.LoggingFilter - Request: GET /togglz-console/index 
25-06-12 18:02:34.812 [http-nio-8080-exec-4] INFO  c.d.jwtsecurity.util.LoggingFilter - Response: 200 
25-06-12 18:02:34.894 [http-nio-8080-exec-2] INFO  c.d.jwtsecurity.util.LoggingFilter - Request: GET /togglz-console/jquery.js 
25-06-12 18:02:34.896 [http-nio-8080-exec-3] INFO  c.d.jwtsecurity.util.LoggingFilter - Request: GET /togglz-console/bootstrap.js 
25-06-12 18:02:34.898 [http-nio-8080-exec-2] INFO  c.d.jwtsecurity.util.LoggingFilter - Response: 200 
25-06-12 18:02:34.898 [http-nio-8080-exec-6] INFO  c.d.jwtsecurity.util.LoggingFilter - Request: GET /togglz-console/bootstrap.css 
25-06-12 18:02:34.900 [http-nio-8080-exec-7] INFO  c.d.jwtsecurity.util.LoggingFilter - Request: GET /togglz-console/style.css 
25-06-12 18:02:34.900 [http-nio-8080-exec-3] INFO  c.d.jwtsecurity.util.LoggingFilter - Response: 200 
25-06-12 18:02:34.900 [http-nio-8080-exec-7] INFO  c.d.jwtsecurity.util.LoggingFilter - Response: 200 
25-06-12 18:02:34.907 [http-nio-8080-exec-6] INFO  c.d.jwtsecurity.util.LoggingFilter - Response: 200 
25-06-12 18:02:34.952 [http-nio-8080-exec-8] INFO  c.d.jwtsecurity.util.LoggingFilter - Request: GET /togglz-console/glyphicons_halflings_regular.woff2 
25-06-12 18:02:34.953 [http-nio-8080-exec-8] INFO  c.d.jwtsecurity.util.LoggingFilter - Response: 200 
25-06-12 18:02:38.875 [http-nio-8080-exec-9] INFO  c.d.jwtsecurity.util.LoggingFilter - Request: POST /togglz-console/edit 
25-06-12 18:02:38.877 [http-nio-8080-exec-9] INFO  c.d.jwtsecurity.util.LoggingFilter - Response: 302 
25-06-12 18:02:38.884 [http-nio-8080-exec-1] INFO  c.d.jwtsecurity.util.LoggingFilter - Request: GET /togglz-console/index 
25-06-12 18:02:38.887 [http-nio-8080-exec-1] INFO  c.d.jwtsecurity.util.LoggingFilter - Response: 200 
25-06-12 18:02:38.907 [http-nio-8080-exec-2] INFO  c.d.jwtsecurity.util.LoggingFilter - Request: GET /togglz-console/bootstrap.css 
25-06-12 18:02:38.907 [http-nio-8080-exec-3] INFO  c.d.jwtsecurity.util.LoggingFilter - Request: GET /togglz-console/style.css 
25-06-12 18:02:38.907 [http-nio-8080-exec-4] INFO  c.d.jwtsecurity.util.LoggingFilter - Request: GET /togglz-console/bootstrap.js 
25-06-12 18:02:38.907 [http-nio-8080-exec-5] INFO  c.d.jwtsecurity.util.LoggingFilter - Request: GET /togglz-console/jquery.js 
25-06-12 18:02:38.908 [http-nio-8080-exec-3] INFO  c.d.jwtsecurity.util.LoggingFilter - Response: 200 
25-06-12 18:02:38.909 [http-nio-8080-exec-5] INFO  c.d.jwtsecurity.util.LoggingFilter - Response: 200 
25-06-12 18:02:38.909 [http-nio-8080-exec-2] INFO  c.d.jwtsecurity.util.LoggingFilter - Response: 200 
25-06-12 18:02:38.910 [http-nio-8080-exec-4] INFO  c.d.jwtsecurity.util.LoggingFilter - Response: 200 
25-06-12 18:02:38.936 [http-nio-8080-exec-7] INFO  c.d.jwtsecurity.util.LoggingFilter - Request: GET /togglz-console/glyphicons_halflings_regular.woff2 
25-06-12 18:02:38.937 [http-nio-8080-exec-7] INFO  c.d.jwtsecurity.util.LoggingFilter - Response: 200 
25-06-12 18:02:40.043 [http-nio-8080-exec-3] INFO  c.d.jwtsecurity.util.LoggingFilter - Request: POST /togglz-console/edit 
25-06-12 18:02:40.045 [http-nio-8080-exec-3] INFO  c.d.jwtsecurity.util.LoggingFilter - Response: 302 
25-06-12 18:02:40.052 [http-nio-8080-exec-2] INFO  c.d.jwtsecurity.util.LoggingFilter - Request: GET /togglz-console/index 
25-06-12 18:02:40.055 [http-nio-8080-exec-2] INFO  c.d.jwtsecurity.util.LoggingFilter - Response: 200 
25-06-12 18:02:40.072 [http-nio-8080-exec-6] INFO  c.d.jwtsecurity.util.LoggingFilter - Request: GET /togglz-console/bootstrap.js 
25-06-12 18:02:40.073 [http-nio-8080-exec-7] INFO  c.d.jwtsecurity.util.LoggingFilter - Request: GET /togglz-console/style.css 
25-06-12 18:02:40.072 [http-nio-8080-exec-4] INFO  c.d.jwtsecurity.util.LoggingFilter - Request: GET /togglz-console/bootstrap.css 
25-06-12 18:02:40.073 [http-nio-8080-exec-5] INFO  c.d.jwtsecurity.util.LoggingFilter - Request: GET /togglz-console/jquery.js 
25-06-12 18:02:40.073 [http-nio-8080-exec-7] INFO  c.d.jwtsecurity.util.LoggingFilter - Response: 200 
25-06-12 18:02:40.075 [http-nio-8080-exec-4] INFO  c.d.jwtsecurity.util.LoggingFilter - Response: 200 
25-06-12 18:02:40.075 [http-nio-8080-exec-6] INFO  c.d.jwtsecurity.util.LoggingFilter - Response: 200 
25-06-12 18:02:40.075 [http-nio-8080-exec-5] INFO  c.d.jwtsecurity.util.LoggingFilter - Response: 200 
25-06-12 18:02:40.101 [http-nio-8080-exec-10] INFO  c.d.jwtsecurity.util.LoggingFilter - Request: GET /togglz-console/glyphicons_halflings_regular.woff2 
25-06-12 18:02:40.101 [http-nio-8080-exec-10] INFO  c.d.jwtsecurity.util.LoggingFilter - Response: 200 
25-06-12 18:02:41.116 [http-nio-8080-exec-9] INFO  c.d.jwtsecurity.util.LoggingFilter - Request: POST /togglz-console/edit 
25-06-12 18:02:41.117 [http-nio-8080-exec-9] INFO  c.d.jwtsecurity.util.LoggingFilter - Response: 302 
25-06-12 18:02:41.122 [http-nio-8080-exec-1] INFO  c.d.jwtsecurity.util.LoggingFilter - Request: GET /togglz-console/index 
25-06-12 18:02:41.125 [http-nio-8080-exec-1] INFO  c.d.jwtsecurity.util.LoggingFilter - Response: 200 
25-06-12 18:02:41.148 [http-nio-8080-exec-3] INFO  c.d.jwtsecurity.util.LoggingFilter - Request: GET /togglz-console/jquery.js 
25-06-12 18:02:41.148 [http-nio-8080-exec-4] INFO  c.d.jwtsecurity.util.LoggingFilter - Request: GET /togglz-console/style.css 
25-06-12 18:02:41.148 [http-nio-8080-exec-7] INFO  c.d.jwtsecurity.util.LoggingFilter - Request: GET /togglz-console/bootstrap.css 
25-06-12 18:02:41.148 [http-nio-8080-exec-2] INFO  c.d.jwtsecurity.util.LoggingFilter - Request: GET /togglz-console/bootstrap.js 
25-06-12 18:02:41.149 [http-nio-8080-exec-4] INFO  c.d.jwtsecurity.util.LoggingFilter - Response: 200 
25-06-12 18:02:41.151 [http-nio-8080-exec-3] INFO  c.d.jwtsecurity.util.LoggingFilter - Response: 200 
25-06-12 18:02:41.152 [http-nio-8080-exec-7] INFO  c.d.jwtsecurity.util.LoggingFilter - Response: 200 
25-06-12 18:02:41.152 [http-nio-8080-exec-2] INFO  c.d.jwtsecurity.util.LoggingFilter - Response: 200 
25-06-12 18:02:41.170 [http-nio-8080-exec-6] INFO  c.d.jwtsecurity.util.LoggingFilter - Request: GET /togglz-console/glyphicons_halflings_regular.woff2 
25-06-12 18:02:41.170 [http-nio-8080-exec-6] INFO  c.d.jwtsecurity.util.LoggingFilter - Response: 200 
25-06-12 18:02:42.002 [http-nio-8080-exec-10] INFO  c.d.jwtsecurity.util.LoggingFilter - Request: POST /togglz-console/edit 
25-06-12 18:02:42.004 [http-nio-8080-exec-10] INFO  c.d.jwtsecurity.util.LoggingFilter - Response: 302 
25-06-12 18:02:42.009 [http-nio-8080-exec-8] INFO  c.d.jwtsecurity.util.LoggingFilter - Request: GET /togglz-console/index 
25-06-12 18:02:42.012 [http-nio-8080-exec-8] INFO  c.d.jwtsecurity.util.LoggingFilter - Response: 200 
25-06-12 18:02:42.034 [http-nio-8080-exec-9] INFO  c.d.jwtsecurity.util.LoggingFilter - Request: GET /togglz-console/jquery.js 
25-06-12 18:02:42.034 [http-nio-8080-exec-4] INFO  c.d.jwtsecurity.util.LoggingFilter - Request: GET /togglz-console/bootstrap.css 
25-06-12 18:02:42.034 [http-nio-8080-exec-1] INFO  c.d.jwtsecurity.util.LoggingFilter - Request: GET /togglz-console/bootstrap.js 
25-06-12 18:02:42.034 [http-nio-8080-exec-3] INFO  c.d.jwtsecurity.util.LoggingFilter - Request: GET /togglz-console/style.css 
25-06-12 18:02:42.034 [http-nio-8080-exec-3] INFO  c.d.jwtsecurity.util.LoggingFilter - Response: 200 
25-06-12 18:02:42.037 [http-nio-8080-exec-1] INFO  c.d.jwtsecurity.util.LoggingFilter - Response: 200 
25-06-12 18:02:42.037 [http-nio-8080-exec-9] INFO  c.d.jwtsecurity.util.LoggingFilter - Response: 200 
25-06-12 18:02:42.039 [http-nio-8080-exec-4] INFO  c.d.jwtsecurity.util.LoggingFilter - Response: 200 
25-06-12 18:02:42.054 [http-nio-8080-exec-2] INFO  c.d.jwtsecurity.util.LoggingFilter - Request: GET /togglz-console/glyphicons_halflings_regular.woff2 
25-06-12 18:02:42.055 [http-nio-8080-exec-2] INFO  c.d.jwtsecurity.util.LoggingFilter - Response: 200 
