25-06-07 09:05:54.967 [http-nio-8080-exec-2] INFO  c.d.jwtsecurity.util.LoggingFilter - Request: POST /api/terminals/upload 
25-06-07 09:05:54.997 [http-nio-8080-exec-2] DEBUG org.hibernate.SQL - 
    select
        t1_0.terminalId,
        t1_0.isEnabled,
        t1_0.isMapped,
        t1_0.routeCode,
        t1_0.serialNumber 
    from
        Terminal t1_0 
    where
        t1_0.terminalId=? 
25-06-07 09:05:55.000 [http-nio-8080-exec-2] DEBUG org.hibernate.SQL - 
    select
        t1_0.terminalId,
        t1_0.isEnabled,
        t1_0.isMapped,
        t1_0.routeCode,
        t1_0.serialNumber 
    from
        Terminal t1_0 
    where
        t1_0.terminalId=? 
25-06-07 09:05:55.005 [http-nio-8080-exec-2] INFO  c.d.jwtsecurity.util.LoggingFilter - Response: 200 
