25-06-07 08:57:00.369 [main] INFO  o.h.e.t.j.p.i.JtaPlatformInitiator - HHH000489: No JTA platform available (set 'hibernate.transaction.jta.platform' to enable JTA platform integration) 
25-06-07 08:57:00.434 [main] DEBUG org.hibernate.SQL - 
    create table Terminal (
        terminalId varchar(255) not null,
        isEnabled boolean,
        isMapped boolean,
        routeCode varchar(255),
        serialNumber varchar(255),
        primary key (terminalId)
    ) 
25-06-07 08:57:00.698 [main] INFO  o.s.o.j.LocalContainerEntityManagerFactoryBean - Initialized JPA EntityManagerFactory for persistence unit 'default' 
25-06-07 08:57:01.303 [main] INFO  o.s.s.c.a.a.c.InitializeAuthenticationProviderBeanManagerConfigurer$InitializeAuthenticationProviderManagerConfigurer - Global AuthenticationManager configured with AuthenticationProvider bean with name authenticationProvider 
25-06-07 08:57:01.303 [main] WARN  o.s.s.c.a.a.c.InitializeUserDetailsBeanManagerConfigurer$InitializeUserDetailsManagerConfigurer - Global AuthenticationManager configured with an AuthenticationProvider bean. UserDetailsService beans will not be used by Spring Security for automatically configuring username/password login. Consider removing the AuthenticationProvider bean. Alternatively, consider using the UserDetailsService in a manually instantiated DaoAuthenticationProvider. If the current configuration is intentional, to turn off this warning, increase the logging level of 'org.springframework.security.config.annotation.authentication.configuration.InitializeUserDetailsBeanManagerConfigurer' to ERROR 
25-06-07 08:57:03.688 [main] DEBUG org.hibernate.SQL - 
    select
        count(*) 
    from
        blog b1_0 
25-06-07 08:57:05.070 [main] INFO  o.s.d.j.r.query.QueryEnhancerFactory - Hibernate is in classpath; If applicable, HQL parser will be used. 
25-06-07 08:57:05.493 [main] DEBUG org.hibernate.SQL - 
    select
        count(*) 
    from
        Seat s1_0 
    where
        s1_0.id=? 
25-06-07 08:57:05.501 [main] DEBUG org.hibernate.SQL - 
    select
        count(*) 
    from
        Seat s1_0 
    where
        s1_0.id=? 
25-06-07 08:57:05.503 [main] DEBUG org.hibernate.SQL - 
    select
        count(*) 
    from
        Seat s1_0 
    where
        s1_0.id=? 
25-06-07 08:57:06.393 [main] WARN  o.s.b.a.o.j.JpaBaseConfiguration$JpaWebConfiguration - spring.jpa.open-in-view is enabled by default. Therefore, database queries may be performed during view rendering. Explicitly configure spring.jpa.open-in-view to disable this warning 
25-06-07 08:57:08.110 [main] INFO  o.s.b.a.w.s.WelcomePageHandlerMapping - Adding welcome page template: index 
25-06-07 08:57:09.537 [main] INFO  o.s.b.a.e.web.EndpointLinksResolver - Exposing 4 endpoints beneath base path '/actuator' 
25-06-07 08:57:09.662 [main] WARN  o.s.s.c.a.w.c.AuthorizeHttpRequestsConfigurer$AuthorizationManagerRequestMatcherRegistry - One of the patterns in [/ws/**, /api/posts, electronics/**, /activity/**, /actuator/**, /login/**, /booking/**, /login/oauth2/code/google, /api/auth/**, /api/orders/**, /api/sample/**, /api/external/**, /info, /blogs/**, /posts/**, /v2/api-docs, /v3/api-docs, /v3/api-docs/**, /swagger-resources, /swagger-resources/**, /configuration/ui, /configuration/security, /swagger-ui/**, /webjars/**, /swagger-ui.html, /error] is missing a leading slash. This is discouraged; please include the leading slash in all your request matcher patterns. In future versions of Spring Security, leaving out the leading slash will result in an exception. 
25-06-07 08:57:12.049 [main] INFO  o.s.m.s.b.SimpleBrokerMessageHandler - Starting... 
25-06-07 08:57:12.049 [main] INFO  o.s.m.s.b.SimpleBrokerMessageHandler - BrokerAvailabilityEvent[available=true, SimpleBrokerMessageHandler [org.springframework.messaging.simp.broker.DefaultSubscriptionRegistry@3cb3a3f6]] 
25-06-07 08:57:12.050 [main] INFO  o.s.m.s.b.SimpleBrokerMessageHandler - Started. 
25-06-07 08:57:12.055 [main] INFO  o.a.coyote.http11.Http11NioProtocol - Starting ProtocolHandler ["http-nio-8080"] 
25-06-07 08:57:12.066 [main] INFO  o.s.b.w.e.tomcat.TomcatWebServer - Tomcat started on port 8080 (http) with context path '/' 
25-06-07 08:57:12.086 [main] INFO  c.d.j.JwtSecurityApplication - Started JwtSecurityApplication in 20.58 seconds (process running for 23.162) 
25-06-07 08:57:12.094 [main] INFO  o.s.b.a.b.JobLauncherApplicationRunner - Running default command line with: [] 
25-06-07 08:57:12.405 [RMI TCP Connection(5)-192.168.1.106] INFO  o.a.c.c.C.[Tomcat].[localhost].[/] - Initializing Spring DispatcherServlet 'dispatcherServlet' 
25-06-07 08:57:12.406 [RMI TCP Connection(5)-192.168.1.106] INFO  o.s.web.servlet.DispatcherServlet - Initializing Servlet 'dispatcherServlet' 
25-06-07 08:57:12.410 [RMI TCP Connection(5)-192.168.1.106] INFO  o.s.web.servlet.DispatcherServlet - Completed initialization in 4 ms 
