25-05-31 11:48:27.490 [SpringApplicationShutdownHook] INFO  o.s.b.w.e.tomcat.GracefulShutdown - Commencing graceful shutdown. Waiting for active requests to complete 
25-05-31 11:48:27.525 [tomcat-shutdown] INFO  o.s.b.w.e.tomcat.GracefulShutdown - Graceful shutdown complete 
25-05-31 11:48:27.532 [SpringApplicationShutdownHook] INFO  o.s.m.s.b.SimpleBrokerMessageHandler - Stopping... 
25-05-31 11:48:27.533 [SpringApplicationShutdownHook] INFO  o.s.m.s.b.SimpleBrokerMessageHandler - BrokerAvailabilityEvent[available=false, SimpleBrokerMessageHandler [org.springframework.messaging.simp.broker.DefaultSubscriptionRegistry@765e4ccc]] 
25-05-31 11:48:27.535 [SpringApplicationShutdownHook] INFO  o.s.m.s.b.SimpleBrokerMessageHandler - Stopped. 
25-05-31 11:48:27.618 [SpringApplicationShutdownHook] INFO  o.s.o.j.LocalContainerEntityManagerFactoryBean - Closing JPA EntityManagerFactory for persistence unit 'default' 
25-05-31 11:48:38.429 [main] INFO  c.d.j.JwtSecurityApplication - Starting JwtSecurityApplication...⚡⚡⚡⚡⚡⚡⚡⚡⚡ 
25-05-31 11:48:39.338 [background-preinit] INFO  o.h.validator.internal.util.Version - HV000001: Hibernate Validator 8.0.2.Final 
25-05-31 11:48:39.440 [main] INFO  c.d.j.JwtSecurityApplication - Starting JwtSecurityApplication using Java 22.0.1 with PID 29368 (C:\Users\CAPTAIN ENJOY\Downloads\jwt-security\target\classes started by xyborg in C:\Users\CAPTAIN ENJOY\Downloads\jwt-security) 
25-05-31 11:48:39.442 [main] INFO  c.d.j.JwtSecurityApplication - No active profile set, falling back to 1 default profile: "default" 
25-05-31 11:48:42.497 [main] INFO  o.s.d.r.c.RepositoryConfigurationDelegate - Multiple Spring Data modules found, entering strict repository configuration mode 
25-05-31 11:48:42.498 [main] INFO  o.s.d.r.c.RepositoryConfigurationDelegate - Bootstrapping Spring Data JPA repositories in DEFAULT mode. 
25-05-31 11:48:43.146 [main] INFO  o.s.d.r.c.RepositoryConfigurationDelegate - Finished Spring Data repository scanning in 569 ms. Found 11 JPA repository interfaces. 
25-05-31 11:48:43.164 [main] INFO  o.s.b.f.s.DefaultListableBeanFactory - Overriding bean definition for bean 'blogService' with a different definition: replacing [Generic bean: class=com.drsimple.jwtsecurity.blog.BlogService; scope=singleton; abstract=false; lazyInit=null; autowireMode=0; dependencyCheck=0; autowireCandidate=true; primary=false; fallback=false; factoryBeanName=null; factoryMethodName=null; initMethodNames=null; destroyMethodNames=null; defined in file [C:\Users\CAPTAIN ENJOY\Downloads\jwt-security\target\classes\com\drsimple\jwtsecurity\blog\BlogService.class]] with [Generic bean: class=com.drsimple.jwtsecurity.blog.BlogService; scope=; abstract=false; lazyInit=false; autowireMode=0; dependencyCheck=0; autowireCandidate=true; primary=false; fallback=false; factoryBeanName=null; factoryMethodName=null; initMethodNames=null; destroyMethodNames=null; defined in class path resource [applicationContext.xml]] 
25-05-31 11:48:43.173 [main] INFO  o.s.b.f.s.DefaultListableBeanFactory - Overriding bean definition for bean 'auditorAware' with a different definition: replacing [Root bean: class=null; scope=; abstract=false; lazyInit=null; autowireMode=3; dependencyCheck=0; autowireCandidate=true; primary=false; fallback=false; factoryBeanName=securityConfig; factoryMethodName=auditorAware; initMethodNames=null; destroyMethodNames=[(inferred)]; defined in class path resource [com/drsimple/jwtsecurity/config/SecurityConfig.class]] with [Root bean: class=null; scope=; abstract=false; lazyInit=null; autowireMode=3; dependencyCheck=0; autowireCandidate=true; primary=false; fallback=false; factoryBeanName=jpaConfig; factoryMethodName=auditorAware; initMethodNames=null; destroyMethodNames=[(inferred)]; defined in class path resource [com/drsimple/jwtsecurity/employee/JpaConfig.class]] 
25-05-31 11:48:43.187 [main] INFO  o.s.b.f.s.DefaultListableBeanFactory - Overriding bean definition for bean 'jpaAuditingHandler' with an equivalent definition: replacing [Root bean: class=org.springframework.data.auditing.AuditingHandler; scope=; abstract=false; lazyInit=null; autowireMode=0; dependencyCheck=0; autowireCandidate=true; primary=false; fallback=false; factoryBeanName=null; factoryMethodName=from; initMethodNames=null; destroyMethodNames=null] with [Root bean: class=org.springframework.data.auditing.AuditingHandler; scope=; abstract=false; lazyInit=null; autowireMode=0; dependencyCheck=0; autowireCandidate=true; primary=false; fallback=false; factoryBeanName=null; factoryMethodName=from; initMethodNames=null; destroyMethodNames=null] 
25-05-31 11:48:43.188 [main] INFO  o.s.b.f.s.DefaultListableBeanFactory - Overriding bean definition for bean 'org.springframework.data.jpa.domain.support.AuditingEntityListener' with an equivalent definition: replacing [Root bean: class=org.springframework.data.jpa.domain.support.AuditingEntityListener; scope=; abstract=false; lazyInit=null; autowireMode=0; dependencyCheck=0; autowireCandidate=true; primary=false; fallback=false; factoryBeanName=null; factoryMethodName=null; initMethodNames=null; destroyMethodNames=null] with [Root bean: class=org.springframework.data.jpa.domain.support.AuditingEntityListener; scope=; abstract=false; lazyInit=null; autowireMode=0; dependencyCheck=0; autowireCandidate=true; primary=false; fallback=false; factoryBeanName=null; factoryMethodName=null; initMethodNames=null; destroyMethodNames=null] 
25-05-31 11:48:43.189 [main] INFO  o.s.b.f.s.DefaultListableBeanFactory - Overriding bean definition for bean 'org.springframework.data.jpa.domain.support.AuditingBeanFactoryPostProcessor' with an equivalent definition: replacing [Root bean: class=org.springframework.data.jpa.domain.support.AuditingBeanFactoryPostProcessor; scope=; abstract=false; lazyInit=null; autowireMode=0; dependencyCheck=0; autowireCandidate=true; primary=false; fallback=false; factoryBeanName=null; factoryMethodName=null; initMethodNames=null; destroyMethodNames=null] with [Root bean: class=org.springframework.data.jpa.domain.support.AuditingBeanFactoryPostProcessor; scope=; abstract=false; lazyInit=null; autowireMode=0; dependencyCheck=0; autowireCandidate=true; primary=false; fallback=false; factoryBeanName=null; factoryMethodName=null; initMethodNames=null; destroyMethodNames=null] 
25-05-31 11:48:44.372 [main] INFO  o.s.d.r.c.RepositoryConfigurationDelegate - Multiple Spring Data modules found, entering strict repository configuration mode 
25-05-31 11:48:44.376 [main] INFO  o.s.d.r.c.RepositoryConfigurationDelegate - Bootstrapping Spring Data Redis repositories in DEFAULT mode. 
25-05-31 11:48:44.428 [main] INFO  o.s.d.r.c.RepositoryConfigurationExtensionSupport - Spring Data Redis - Could not safely identify store assignment for repository candidate interface com.drsimple.jwtsecurity.blog.BlogRepository; If you want this repository to be a Redis repository, consider annotating your entities with one of these annotations: org.springframework.data.redis.core.RedisHash (preferred), or consider extending one of the following types with your repository: org.springframework.data.keyvalue.repository.KeyValueRepository 
25-05-31 11:48:44.429 [main] INFO  o.s.d.r.c.RepositoryConfigurationExtensionSupport - Spring Data Redis - Could not safely identify store assignment for repository candidate interface com.drsimple.jwtsecurity.core.AuditLogRepository; If you want this repository to be a Redis repository, consider annotating your entities with one of these annotations: org.springframework.data.redis.core.RedisHash (preferred), or consider extending one of the following types with your repository: org.springframework.data.keyvalue.repository.KeyValueRepository 
25-05-31 11:48:44.430 [main] INFO  o.s.d.r.c.RepositoryConfigurationExtensionSupport - Spring Data Redis - Could not safely identify store assignment for repository candidate interface com.drsimple.jwtsecurity.electronics.ElectronicsRepository; If you want this repository to be a Redis repository, consider annotating your entities with one of these annotations: org.springframework.data.redis.core.RedisHash (preferred), or consider extending one of the following types with your repository: org.springframework.data.keyvalue.repository.KeyValueRepository 
25-05-31 11:48:44.432 [main] INFO  o.s.d.r.c.RepositoryConfigurationExtensionSupport - Spring Data Redis - Could not safely identify store assignment for repository candidate interface com.drsimple.jwtsecurity.employee.EmployeeRepository; If you want this repository to be a Redis repository, consider annotating your entities with one of these annotations: org.springframework.data.redis.core.RedisHash (preferred), or consider extending one of the following types with your repository: org.springframework.data.keyvalue.repository.KeyValueRepository 
25-05-31 11:48:44.436 [main] INFO  o.s.d.r.c.RepositoryConfigurationExtensionSupport - Spring Data Redis - Could not safely identify store assignment for repository candidate interface com.drsimple.jwtsecurity.order.OrderRepository; If you want this repository to be a Redis repository, consider annotating your entities with one of these annotations: org.springframework.data.redis.core.RedisHash (preferred), or consider extending one of the following types with your repository: org.springframework.data.keyvalue.repository.KeyValueRepository 
25-05-31 11:48:44.437 [main] INFO  o.s.d.r.c.RepositoryConfigurationExtensionSupport - Spring Data Redis - Could not safely identify store assignment for repository candidate interface com.drsimple.jwtsecurity.post.PostsRepository; If you want this repository to be a Redis repository, consider annotating your entities with one of these annotations: org.springframework.data.redis.core.RedisHash (preferred), or consider extending one of the following types with your repository: org.springframework.data.keyvalue.repository.KeyValueRepository 
25-05-31 11:48:44.437 [main] INFO  o.s.d.r.c.RepositoryConfigurationExtensionSupport - Spring Data Redis - Could not safely identify store assignment for repository candidate interface com.drsimple.jwtsecurity.product.ProductRepository; If you want this repository to be a Redis repository, consider annotating your entities with one of these annotations: org.springframework.data.redis.core.RedisHash (preferred), or consider extending one of the following types with your repository: org.springframework.data.keyvalue.repository.KeyValueRepository 
25-05-31 11:48:44.438 [main] INFO  o.s.d.r.c.RepositoryConfigurationExtensionSupport - Spring Data Redis - Could not safely identify store assignment for repository candidate interface com.drsimple.jwtsecurity.ticketbooking.SeatRepository; If you want this repository to be a Redis repository, consider annotating your entities with one of these annotations: org.springframework.data.redis.core.RedisHash (preferred), or consider extending one of the following types with your repository: org.springframework.data.keyvalue.repository.KeyValueRepository 
25-05-31 11:48:44.439 [main] INFO  o.s.d.r.c.RepositoryConfigurationExtensionSupport - Spring Data Redis - Could not safely identify store assignment for repository candidate interface com.drsimple.jwtsecurity.user.AddressRepository; If you want this repository to be a Redis repository, consider annotating your entities with one of these annotations: org.springframework.data.redis.core.RedisHash (preferred), or consider extending one of the following types with your repository: org.springframework.data.keyvalue.repository.KeyValueRepository 
25-05-31 11:48:44.440 [main] INFO  o.s.d.r.c.RepositoryConfigurationExtensionSupport - Spring Data Redis - Could not safely identify store assignment for repository candidate interface com.drsimple.jwtsecurity.user.UserRepository; If you want this repository to be a Redis repository, consider annotating your entities with one of these annotations: org.springframework.data.redis.core.RedisHash (preferred), or consider extending one of the following types with your repository: org.springframework.data.keyvalue.repository.KeyValueRepository 
25-05-31 11:48:44.441 [main] INFO  o.s.d.r.c.RepositoryConfigurationExtensionSupport - Spring Data Redis - Could not safely identify store assignment for repository candidate interface com.drsimple.jwtsecurity.wallet.WalletRepository; If you want this repository to be a Redis repository, consider annotating your entities with one of these annotations: org.springframework.data.redis.core.RedisHash (preferred), or consider extending one of the following types with your repository: org.springframework.data.keyvalue.repository.KeyValueRepository 
25-05-31 11:48:44.441 [main] INFO  o.s.d.r.c.RepositoryConfigurationDelegate - Finished Spring Data repository scanning in 46 ms. Found 0 Redis repository interfaces. 
25-05-31 11:48:44.778 [main] INFO  o.s.b.f.s.DefaultListableBeanFactory - Overriding bean definition for bean 'org.springframework.transaction.config.internalTransactionAdvisor' with a different definition: replacing [Root bean: class=org.springframework.transaction.interceptor.BeanFactoryTransactionAttributeSourceAdvisor; scope=; abstract=false; lazyInit=null; autowireMode=0; dependencyCheck=0; autowireCandidate=true; primary=false; fallback=false; factoryBeanName=null; factoryMethodName=null; initMethodNames=null; destroyMethodNames=null] with [Root bean: class=null; scope=; abstract=false; lazyInit=null; autowireMode=3; dependencyCheck=0; autowireCandidate=true; primary=false; fallback=false; factoryBeanName=org.springframework.transaction.annotation.ProxyTransactionManagementConfiguration; factoryMethodName=transactionAdvisor; initMethodNames=null; destroyMethodNames=[(inferred)]; defined in class path resource [org/springframework/transaction/annotation/ProxyTransactionManagementConfiguration.class]] 
25-05-31 11:48:47.635 [main] INFO  o.s.b.w.e.tomcat.TomcatWebServer - Tomcat initialized with port 8080 (http) 
25-05-31 11:48:47.683 [main] INFO  o.a.coyote.http11.Http11NioProtocol - Initializing ProtocolHandler ["http-nio-8080"] 
25-05-31 11:48:47.689 [main] INFO  o.a.catalina.core.StandardService - Starting service [Tomcat] 
25-05-31 11:48:47.690 [main] INFO  o.a.catalina.core.StandardEngine - Starting Servlet engine: [Apache Tomcat/10.1.40] 
25-05-31 11:48:48.017 [main] INFO  o.a.c.c.C.[Tomcat].[localhost].[/] - Initializing Spring embedded WebApplicationContext 
25-05-31 11:48:48.018 [main] INFO  o.s.b.w.s.c.ServletWebServerApplicationContext - Root WebApplicationContext: initialization completed in 8464 ms 
25-05-31 11:48:49.444 [main] INFO  o.h.jpa.internal.util.LogHelper - HHH000204: Processing PersistenceUnitInfo [name: default] 
25-05-31 11:48:49.651 [main] INFO  org.hibernate.Version - HHH000412: Hibernate ORM core version 6.6.13.Final 
25-05-31 11:48:49.777 [main] INFO  o.h.c.i.RegionFactoryInitiator - HHH000026: Second-level cache disabled 
25-05-31 11:48:50.717 [main] INFO  o.s.o.j.p.SpringPersistenceUnitInfo - No LoadTimeWeaver setup: ignoring JPA class transformer 
25-05-31 11:48:51.310 [main] WARN  org.hibernate.orm.deprecation - HHH90000025: PostgreSQLDialect does not need to be specified explicitly using 'hibernate.dialect' (remove the property setting and it will be selected by default) 
25-05-31 11:48:51.353 [main] INFO  o.hibernate.orm.connections.pooling - HHH10001005: Database info:
	Database JDBC URL [Connecting through datasource 'org.apache.commons.dbcp2.BasicDataSource@1ab1d93d']
	Database driver: undefined/unknown
	Database version: 16.3
	Autocommit mode: undefined/unknown
	Isolation level: undefined/unknown
	Minimum pool size: undefined/unknown
	Maximum pool size: undefined/unknown 
25-05-31 11:48:54.226 [main] INFO  o.h.e.t.j.p.i.JtaPlatformInitiator - HHH000489: No JTA platform available (set 'hibernate.transaction.jta.platform' to enable JTA platform integration) 
25-05-31 11:48:54.914 [main] INFO  o.s.o.j.LocalContainerEntityManagerFactoryBean - Initialized JPA EntityManagerFactory for persistence unit 'default' 
25-05-31 11:48:55.834 [main] INFO  o.s.s.c.a.a.c.InitializeAuthenticationProviderBeanManagerConfigurer$InitializeAuthenticationProviderManagerConfigurer - Global AuthenticationManager configured with AuthenticationProvider bean with name authenticationProvider 
25-05-31 11:48:55.834 [main] WARN  o.s.s.c.a.a.c.InitializeUserDetailsBeanManagerConfigurer$InitializeUserDetailsManagerConfigurer - Global AuthenticationManager configured with an AuthenticationProvider bean. UserDetailsService beans will not be used by Spring Security for automatically configuring username/password login. Consider removing the AuthenticationProvider bean. Alternatively, consider using the UserDetailsService in a manually instantiated DaoAuthenticationProvider. If the current configuration is intentional, to turn off this warning, increase the logging level of 'org.springframework.security.config.annotation.authentication.configuration.InitializeUserDetailsBeanManagerConfigurer' to ERROR 
25-05-31 11:48:57.580 [main] DEBUG org.hibernate.SQL - 
    select
        count(*) 
    from
        blog b1_0 
25-05-31 11:48:58.632 [main] INFO  o.s.d.j.r.query.QueryEnhancerFactory - Hibernate is in classpath; If applicable, HQL parser will be used. 
25-05-31 11:48:59.164 [main] DEBUG org.hibernate.SQL - 
    select
        count(*) 
    from
        Seat s1_0 
    where
        s1_0.id=? 
25-05-31 11:48:59.173 [main] DEBUG org.hibernate.SQL - 
    select
        count(*) 
    from
        Seat s1_0 
    where
        s1_0.id=? 
25-05-31 11:48:59.178 [main] DEBUG org.hibernate.SQL - 
    select
        count(*) 
    from
        Seat s1_0 
    where
        s1_0.id=? 
25-05-31 11:48:59.787 [main] WARN  o.s.b.a.o.j.JpaBaseConfiguration$JpaWebConfiguration - spring.jpa.open-in-view is enabled by default. Therefore, database queries may be performed during view rendering. Explicitly configure spring.jpa.open-in-view to disable this warning 
